Flow report for ORT2Projekatv2
Fri Feb 07 11:11:44 2020
Quartus II 64-Bit Version 13.1.0 Build 162 10/23/2013 SJ Web Edition


---------------------
; Table of Contents ;
---------------------
  1. Legal Notice
  2. Flow Summary
  3. Flow Settings
  4. Flow Non-Default Global Settings
  5. Flow Elapsed Time
  6. Flow OS Summary
  7. Flow Log
  8. Flow Messages
  9. Flow Suppressed Messages



----------------
; Legal Notice ;
----------------
Copyright (C) 1991-2013 Altera Corporation
Your use of Altera Corporation's design tools, logic functions 
and other software and tools, and its AMPP partner logic 
functions, and any output files from any of the foregoing 
(including device programming or simulation files), and any 
associated documentation or information are expressly subject 
to the terms and conditions of the Altera Program License 
Subscription Agreement, Altera MegaCore Function License 
Agreement, or other applicable license agreement, including, 
without limitation, that your use is for the sole purpose of 
programming logic devices manufactured by Altera and sold by 
Altera or its authorized distributors.  Please refer to the 
applicable agreement for further details.



+---------------------------------------------------------------------------------+
; Flow Summary                                                                    ;
+------------------------------------+--------------------------------------------+
; Flow Status                        ; Successful - Fri Feb 07 11:11:32 2020      ;
; Quartus II 64-Bit Version          ; 13.1.0 Build 162 10/23/2013 SJ Web Edition ;
; Revision Name                      ; ORT2Projekatv2                             ;
; Top-level Entity Name              ; MainEkran                                  ;
; Family                             ; Cyclone III                                ;
; Device                             ; EP3C16F484C6                               ;
; Timing Models                      ; Final                                      ;
; Total logic elements               ; 3,279 / 15,408 ( 21 % )                    ;
;     Total combinational functions  ; 3,189 / 15,408 ( 21 % )                    ;
;     Dedicated logic registers      ; 1,031 / 15,408 ( 7 % )                     ;
; Total registers                    ; 1031                                       ;
; Total pins                         ; 51 / 347 ( 15 % )                          ;
; Total virtual pins                 ; 0                                          ;
; Total memory bits                  ; 0 / 516,096 ( 0 % )                        ;
; Embedded Multiplier 9-bit elements ; 0 / 112 ( 0 % )                            ;
; Total PLLs                         ; 0 / 4 ( 0 % )                              ;
+------------------------------------+--------------------------------------------+


+-----------------------------------------+
; Flow Settings                           ;
+-------------------+---------------------+
; Option            ; Setting             ;
+-------------------+---------------------+
; Start date & time ; 02/07/2020 11:10:33 ;
; Main task         ; Compilation         ;
; Revision Name     ; ORT2Projekatv2      ;
+-------------------+---------------------+


+-------------------------------------------------------------------------------------------------------------------------+
; Flow Non-Default Global Settings                                                                                        ;
+-------------------------------------+---------------------------------------+----------------+-------------+------------+
; Assignment Name                     ; Value                                 ; Default Value  ; Entity Name ; Section Id ;
+-------------------------------------+---------------------------------------+----------------+-------------+------------+
; COMPILER_SIGNATURE_ID               ; 128454786938911.158107023206972       ; --             ; --          ; --         ;
; MAX_CORE_JUNCTION_TEMP              ; 85                                    ; --             ; --          ; --         ;
; MIN_CORE_JUNCTION_TEMP              ; 0                                     ; --             ; --          ; --         ;
; OUTPUT_IO_TIMING_FAR_END_VMEAS      ; Half Signal Swing                     ; --             ; --          ; --         ;
; OUTPUT_IO_TIMING_FAR_END_VMEAS      ; Half Signal Swing                     ; --             ; --          ; --         ;
; OUTPUT_IO_TIMING_NEAR_END_VMEAS     ; Half Vccio                            ; --             ; --          ; --         ;
; OUTPUT_IO_TIMING_NEAR_END_VMEAS     ; Half Vccio                            ; --             ; --          ; --         ;
; PARTITION_COLOR                     ; 16764057                              ; --             ; MainEkran   ; Top        ;
; PARTITION_FITTER_PRESERVATION_LEVEL ; PLACEMENT_AND_ROUTING                 ; --             ; MainEkran   ; Top        ;
; PARTITION_NETLIST_TYPE              ; SOURCE                                ; --             ; MainEkran   ; Top        ;
; POWER_BOARD_THERMAL_MODEL           ; None (CONSERVATIVE)                   ; --             ; --          ; --         ;
; POWER_PRESET_COOLING_SOLUTION       ; 23 MM HEAT SINK WITH 200 LFPM AIRFLOW ; --             ; --          ; --         ;
; PROJECT_OUTPUT_DIRECTORY            ; output_files                          ; --             ; --          ; --         ;
; TOP_LEVEL_ENTITY                    ; MainEkran                             ; ORT2Projekatv2 ; --          ; --         ;
+-------------------------------------+---------------------------------------+----------------+-------------+------------+


+-------------------------------------------------------------------------------------------------------------------------------+
; Flow Elapsed Time                                                                                                             ;
+---------------------------+--------------+-------------------------+---------------------+------------------------------------+
; Module Name               ; Elapsed Time ; Average Processors Used ; Peak Virtual Memory ; Total CPU Time (on all processors) ;
+---------------------------+--------------+-------------------------+---------------------+------------------------------------+
; Analysis & Synthesis      ; 00:00:18     ; 1.0                     ; 4713 MB             ; 00:00:10                           ;
; Fitter                    ; 00:00:24     ; 1.0                     ; 5002 MB             ; 00:00:21                           ;
; Assembler                 ; 00:00:03     ; 1.0                     ; 4598 MB             ; 00:00:01                           ;
; TimeQuest Timing Analyzer ; 00:00:09     ; 1.0                     ; 4662 MB             ; 00:00:04                           ;
; Total                     ; 00:00:54     ; --                      ; --                  ; 00:00:36                           ;
+---------------------------+--------------+-------------------------+---------------------+------------------------------------+


+----------------------------------------------------------------------------------------+
; Flow OS Summary                                                                        ;
+---------------------------+------------------+-----------+------------+----------------+
; Module Name               ; Machine Hostname ; OS Name   ; OS Version ; Processor type ;
+---------------------------+------------------+-----------+------------+----------------+
; Analysis & Synthesis      ; rti40            ; Windows 7 ; 6.2        ; x86_64         ;
; Fitter                    ; rti40            ; Windows 7 ; 6.2        ; x86_64         ;
; Assembler                 ; rti40            ; Windows 7 ; 6.2        ; x86_64         ;
; TimeQuest Timing Analyzer ; rti40            ; Windows 7 ; 6.2        ; x86_64         ;
+---------------------------+------------------+-----------+------------+----------------+


------------
; Flow Log ;
------------
quartus_map --read_settings_files=on --write_settings_files=off ORT2Projekatv2 -c ORT2Projekatv2
quartus_fit --read_settings_files=off --write_settings_files=off ORT2Projekatv2 -c ORT2Projekatv2
quartus_asm --read_settings_files=off --write_settings_files=off ORT2Projekatv2 -c ORT2Projekatv2
quartus_sta ORT2Projekatv2 -c ORT2Projekatv2



